[0313/175144.799:ERROR:process_memory_win.cc(73)] ReadMemory at 0x1f6ccb50000 of 64 bytes failed: Only part of a ReadProcessMemory or WriteProcessMemory request was completed. (0x12B)
[0313/175144.800:WARNING:pe_image_reader.cc(302)] could not read dos header from C:\WINDOWS\System32\GDI32.dll
[0313/175144.804:ERROR:process_memory_win.cc(73)] ReadMemory at 0x7ff660c10000 of 64 bytes failed: Only part of a ReadProcessMemory or WriteProcessMemory request was completed. (0x12B)
[0313/175144.804:WARNING:pe_image_reader.cc(302)] could not read dos header from C:\Program Files (x86)\Google\Chrome\Application\chrome.exe
[0313/175144.804:ERROR:process_memory_win.cc(73)] ReadMemory at 0x1f6ccb50000 of 64 bytes failed: Only part of a ReadProcessMemory or WriteProcessMemory request was completed. (0x12B)
[0313/175144.808:WARNING:pe_image_reader.cc(302)] could not read dos header from C:\WINDOWS\System32\GDI32.dll
[0313/175144.808:ERROR:process_memory_win.cc(73)] ReadMemory at 0x7ff8e9760000 of 64 bytes failed: Only part of a ReadProcessMemory or WriteProcessMemory request was completed. (0x12B)
[0313/175144.808:WARNING:pe_image_reader.cc(302)] could not read dos header from C:\WINDOWS\System32\gdi32full.dll
[0313/175144.808:ERROR:process_memory_win.cc(73)] ReadMemory at 0x7ff8e9900000 of 64 bytes failed: Only part of a ReadProcessMemory or WriteProcessMemory request was completed. (0x12B)
[0313/175144.808:WARNING:pe_image_reader.cc(302)] could not read dos header from C:\WINDOWS\System32\msvcp_win.dll
[0313/175144.808:ERROR:process_memory_win.cc(73)] ReadMemory at 0x7ff8ecab0000 of 64 bytes failed: Only part of a ReadProcessMemory or WriteProcessMemory request was completed. (0x12B)
[0313/175144.808:WARNING:pe_image_reader.cc(302)] could not read dos header from C:\WINDOWS\System32\USER32.dll
[0313/175144.808:ERROR:process_memory_win.cc(73)] ReadMemory at 0x7ff8e95e0000 of 64 bytes failed: Only part of a ReadProcessMemory or WriteProcessMemory request was completed. (0x12B)
[0313/175144.808:WARNING:pe_image_reader.cc(302)] could not read dos header from C:\WINDOWS\System32\win32u.dll
[0313/175144.808:ERROR:process_memory_win.cc(73)] ReadMemory at 0x7ff8e8fa0000 of 64 bytes failed: Only part of a ReadProcessMemory or WriteProcessMemory request was completed. (0x12B)
[0313/175144.808:WARNING:pe_image_reader.cc(302)] could not read dos header from C:\WINDOWS\System32\kernel.appcore.dll
[0313/175144.808:ERROR:process_memory_win.cc(73)] ReadMemory at 0x7ff8e9020000 of 64 bytes failed: Only part of a ReadProcessMemory or WriteProcessMemory request was completed. (0x12B)
[0313/175144.808:WARNING:pe_image_reader.cc(302)] could not read dos header from C:\WINDOWS\System32\profapi.dll
[0313/175144.808:ERROR:process_memory_win.cc(73)] ReadMemory at 0x7ff8e8fd0000 of 64 bytes failed: Only part of a ReadProcessMemory or WriteProcessMemory request was completed. (0x12B)
[0313/175144.808:WARNING:pe_image_reader.cc(302)] could not read dos header from C:\WINDOWS\System32\powrprof.dll
[0313/175144.808:ERROR:process_memory_win.cc(73)] ReadMemory at 0x7ff8e8fc0000 of 64 bytes failed: Only part of a ReadProcessMemory or WriteProcessMemory request was completed. (0x12B)
[0313/175144.808:WARNING:pe_image_reader.cc(302)] could not read dos header from C:\WINDOWS\System32\FLTLIB.DLL
[0313/175144.808:ERROR:process_memory_win.cc(73)] ReadMemory at 0x7ff8ea470000 of 64 bytes failed: Only part of a ReadProcessMemory or WriteProcessMemory request was completed. (0x12B)
[0313/175144.808:WARNING:pe_image_reader.cc(302)] could not read dos header from C:\WINDOWS\System32\PSAPI.DLL
[0313/175144.808:ERROR:process_memory_win.cc(73)] ReadMemory at 0x7ff8dea90000 of 64 bytes failed: Only part of a ReadProcessMemory or WriteProcessMemory request was completed. (0x12B)
[0313/175144.808:WARNING:pe_image_reader.cc(302)] could not read dos header from C:\Program Files (x86)\Google\Chrome\Application\72.0.3626.121\chrome_elf.dll
[0313/175144.808:ERROR:process_memory_win.cc(73)] ReadMemory at 0x7ff8dff90000 of 64 bytes failed: Only part of a ReadProcessMemory or WriteProcessMemory request was completed. (0x12B)
[0313/175144.808:WARNING:pe_image_reader.cc(302)] could not read dos header from C:\WINDOWS\SYSTEM32\VERSION.dll
[0313/175144.808:ERROR:process_memory_win.cc(73)] ReadMemory at 0x7ff8ddc70000 of 64 bytes failed: Only part of a ReadProcessMemory or WriteProcessMemory request was completed. (0x12B)
[0313/175144.808:WARNING:pe_image_reader.cc(302)] could not read dos header from C:\WINDOWS\SYSTEM32\WINMM.dll
[0313/175144.808:ERROR:process_memory_win.cc(73)] ReadMemory at 0x7ff8e8eb0000 of 64 bytes failed: Only part of a ReadProcessMemory or WriteProcessMemory request was completed. (0x12B)
[0313/175144.808:WARNING:pe_image_reader.cc(302)] could not read dos header from C:\WINDOWS\SYSTEM32\USERENV.dll
[0313/175144.808:ERROR:process_memory_win.cc(73)] ReadMemory at 0x7ff8de9c0000 of 64 bytes failed: Only part of a ReadProcessMemory or WriteProcessMemory request was completed. (0x12B)
[0313/175144.808:WARNING:pe_image_reader.cc(302)] could not read dos header from C:\WINDOWS\SYSTEM32\WINMMBASE.dll
[0313/175144.808:ERROR:process_memory_win.cc(73)] ReadMemory at 0x7ff8e8970000 of 64 bytes failed: Only part of a ReadProcessMemory or WriteProcessMemory request was completed. (0x12B)
[0313/175144.808:WARNING:pe_image_reader.cc(302)] could not read dos header from C:\WINDOWS\SYSTEM32\CRYPTBASE.DLL
[0313/175144.808:ERROR:process_memory_win.cc(73)] ReadMemory at 0x7ff8eaa10000 of 64 bytes failed: Only part of a ReadProcessMemory or WriteProcessMemory request was completed. (0x12B)
[0313/175144.809:WARNING:pe_image_reader.cc(302)] could not read dos header from C:\WINDOWS\System32\IMM32.DLL
[0313/175144.809:ERROR:process_memory_win.cc(73)] ReadMemory at 0x7ff87ec00000 of 64 bytes failed: Only part of a ReadProcessMemory or WriteProcessMemory request was completed. (0x12B)
[0313/175144.809:WARNING:pe_image_reader.cc(302)] could not read dos header from C:\Program Files (x86)\Google\Chrome\Application\72.0.3626.121\chrome_child.dll
[0313/175144.809:ERROR:process_memory_win.cc(73)] ReadMemory at 0x7ff8ec9c0000 of 64 bytes failed: Only part of a ReadProcessMemory or WriteProcessMemory request was completed. (0x12B)
[0313/175144.809:WARNING:pe_image_reader.cc(302)] could not read dos header from C:\WINDOWS\System32\WS2_32.dll
[0313/175144.809:ERROR:process_memory_win.cc(73)] ReadMemory at 0x7ff8eaa40000 of 64 bytes failed: Only part of a ReadProcessMemory or WriteProcessMemory request was completed. (0x12B)
[0313/175144.809:WARNING:pe_image_reader.cc(302)] could not read dos header from C:\WINDOWS\System32\ole32.dll
[0313/175144.809:ERROR:process_memory_win.cc(73)] ReadMemory at 0x7ff8ea480000 of 64 bytes failed: Only part of a ReadProcessMemory or WriteProcessMemory request was completed. (0x12B)
[0313/175144.809:WARNING:pe_image_reader.cc(302)] could not read dos header from C:\WINDOWS\System32\OLEAUT32.dll
[0313/175144.809:ERROR:process_memory_win.cc(73)] ReadMemory at 0x7ff8e9600000 of 64 bytes failed: Only part of a ReadProcessMemory or WriteProcessMemory request was completed. (0x12B)
[0313/175144.809:WARNING:pe_image_reader.cc(302)] could not read dos header from C:\WINDOWS\System32\WINTRUST.dll
[0313/175144.809:ERROR:process_memory_win.cc(73)] ReadMemory at 0x7ff8e8f80000 of 64 bytes failed: Only part of a ReadProcessMemory or WriteProcessMemory request was completed. (0x12B)
[0313/175144.809:WARNING:pe_image_reader.cc(302)] could not read dos header from C:\WINDOWS\System32\MSASN1.dll
[0313/175144.809:ERROR:process_memory_win.cc(73)] ReadMemory at 0x7ff8e93f0000 of 64 bytes failed: Only part of a ReadProcessMemory or WriteProcessMemory request was completed. (0x12B)
[0313/175144.809:WARNING:pe_image_reader.cc(302)] could not read dos header from C:\WINDOWS\System32\CRYPT32.dll
[0313/175144.809:ERROR:process_memory_win.cc(73)] ReadMemory at 0x7ff8eaba0000 of 64 bytes failed: Only part of a ReadProcessMemory or WriteProcessMemory request was completed. (0x12B)
[0313/175144.809:WARNING:pe_image_reader.cc(302)] could not read dos header from C:\WINDOWS\System32\COMDLG32.dll
[0313/175144.809:ERROR:process_memory_win.cc(73)] ReadMemory at 0x7ff8e8520000 of 64 bytes failed: Only part of a ReadProcessMemory or WriteProcessMemory request was completed. (0x12B)
[0313/175144.809:WARNING:pe_image_reader.cc(302)] could not read dos header from C:\WINDOWS\SYSTEM32\IPHLPAPI.DLL
[0313/175144.809:ERROR:process_memory_win.cc(73)] ReadMemory at 0x7ff8df2a0000 of 64 bytes failed: Only part of a ReadProcessMemory or WriteProcessMemory request was completed. (0x12B)
[0313/175144.809:WARNING:pe_image_reader.cc(302)] could not read dos header from C:\WINDOWS\SYSTEM32\OLEACC.dll
[0313/175144.809:ERROR:process_memory_win.cc(73)] ReadMemory at 0x7ff8d0f00000 of 64 bytes failed: Only part of a ReadProcessMemory or WriteProcessMemory request was completed. (0x12B)
[0313/175144.809:WARNING:pe_image_reader.cc(302)] could not read dos header from C:\WINDOWS\SYSTEM32\DWrite.dll
[0313/175144.809:ERROR:process_memory_win.cc(73)] ReadMemory at 0x7ff8e7d40000 of 64 bytes failed: Only part of a ReadProcessMemory or WriteProcessMemory request was completed. (0x12B)
[0313/175144.809:WARNING:pe_image_reader.cc(302)] could not read dos header from C:\WINDOWS\SYSTEM32\dxgi.dll
[0313/175144.809:ERROR:process_memory_win.cc(73)] ReadMemory at 0x7ff8de440000 of 64 bytes failed: Only part of a ReadProcessMemory or WriteProcessMemory request was completed. (0x12B)
[0313/175144.809:WARNING:pe_image_reader.cc(302)] could not read dos header from C:\WINDOWS\SYSTEM32\WINSPOOL.DRV
[0313/175144.809:ERROR:process_memory_win.cc(73)] ReadMemory at 0x7ff8e2fa0000 of 64 bytes failed: Only part of a ReadProcessMemory or WriteProcessMemory request was completed. (0x12B)
[0313/175144.809:WARNING:pe_image_reader.cc(302)] could not read dos header from C:\WINDOWS\SYSTEM32\dbghelp.dll
[0313/175144.809:ERROR:process_memory_win.cc(73)] ReadMemory at 0x7ff8cc660000 of 64 bytes failed: Only part of a ReadProcessMemory or WriteProcessMemory request was completed. (0x12B)
[0313/175144.809:WARNING:pe_image_reader.cc(302)] could not read dos header from C:\WINDOWS\SYSTEM32\USP10.dll
[0313/175144.809:ERROR:process_memory_win.cc(73)] ReadMemory at 0x7ff8d8d00000 of 64 bytes failed: Only part of a ReadProcessMemory or WriteProcessMemory request was completed. (0x12B)
[0313/175144.809:WARNING:pe_image_reader.cc(302)] could not read dos header from C:\WINDOWS\WinSxS\amd64_microsoft.windows.common-controls_6595b64144ccf1df_6.0.17134.648_none_fb45a0e93062a6d2\COMCTL32.dll
[0313/175144.809:ERROR:process_memory_win.cc(73)] ReadMemory at 0x7ff8e2340000 of 64 bytes failed: Only part of a ReadProcessMemory or WriteProcessMemory request was completed. (0x12B)
[0313/175144.809:WARNING:pe_image_reader.cc(302)] could not read dos header from C:\WINDOWS\SYSTEM32\WINHTTP.dll
[0313/175144.809:ERROR:process_memory_win.cc(73)] ReadMemory at 0x7ff8e2b50000 of 64 bytes failed: Only part of a ReadProcessMemory or WriteProcessMemory request was completed. (0x12B)
[0313/175144.809:WARNING:pe_image_reader.cc(302)] could not read dos header from C:\WINDOWS\SYSTEM32\urlmon.dll
[0313/175144.809:ERROR:process_memory_win.cc(73)] ReadMemory at 0x7ff8df610000 of 64 bytes failed: Only part of a ReadProcessMemory or WriteProcessMemory request was completed. (0x12B)
[0313/175144.809:WARNING:pe_image_reader.cc(302)] could not read dos header from C:\WINDOWS\SYSTEM32\Secur32.dll
[0313/175144.809:ERROR:process_memory_win.cc(73)] ReadMemory at 0x7ff8e2a90000 of 64 bytes failed: Only part of a ReadProcessMemory or WriteProcessMemory request was completed. (0x12B)
[0313/175144.809:WARNING:pe_image_reader.cc(302)] could not read dos header from C:\WINDOWS\SYSTEM32\dhcpcsvc.DLL
[0313/175144.809:ERROR:process_memory_win.cc(73)] ReadMemory at 0x7ff8ea810000 of 64 bytes failed: Only part of a ReadProcessMemory or WriteProcessMemory request was completed. (0x12B)
[0313/175144.809:WARNING:pe_image_reader.cc(302)] could not read dos header from C:\WINDOWS\System32\NSI.dll
[0313/175144.809:ERROR:process_memory_win.cc(73)] ReadMemory at 0x7ff8e5300000 of 64 bytes failed: Only part of a ReadProcessMemory or WriteProcessMemory request was completed. (0x12B)
[0313/175144.809:WARNING:pe_image_reader.cc(302)] could not read dos header from C:\WINDOWS\SYSTEM32\PROPSYS.dll
[0313/175144.809:ERROR:process_memory_win.cc(73)] ReadMemory at 0x7ff8e8ae0000 of 64 bytes failed: Only part of a ReadProcessMemory or WriteProcessMemory request was completed. (0x12B)
[0313/175144.809:WARNING:pe_image_reader.cc(302)] could not read dos header from C:\WINDOWS\SYSTEM32\bcrypt.dll
[0313/175144.809:ERROR:process_memory_win.cc(73)] ReadMemory at 0x7ff8dbf80000 of 64 bytes failed: Only part of a ReadProcessMemory or WriteProcessMemory request was completed. (0x12B)
[0313/175144.809:WARNING:pe_image_reader.cc(302)] could not read dos header from C:\WINDOWS\SYSTEM32\iertutil.dll
[0313/175144.809:ERROR:process_memory_win.cc(73)] ReadMemory at 0x7ff8e8e80000 of 64 bytes failed: Only part of a ReadProcessMemory or WriteProcessMemory request was completed. (0x12B)
[0313/175144.809:WARNING:pe_image_reader.cc(302)] could not read dos header from C:\WINDOWS\SYSTEM32\SSPICLI.DLL
[0313/175144.823:ERROR:process_memory_win.cc(73)] ReadMemory at 0xe52bfec000 of 81920 bytes failed: Only part of a ReadProcessMemory or WriteProcessMemory request was completed. (0x12B)
[0313/175144.823:ERROR:process_memory_win.cc(73)] ReadMemory at 0xe52c1fe000 of 8192 bytes failed: Only part of a ReadProcessMemory or WriteProcessMemory request was completed. (0x12B)
[0313/175144.823:ERROR:process_memory_win.cc(73)] ReadMemory at 0xe52c5fa000 of 24576 bytes failed: Only part of a ReadProcessMemory or WriteProcessMemory request was completed. (0x12B)
[0313/175144.823:ERROR:process_memory_win.cc(73)] ReadMemory at 0xe52c7fd000 of 12288 bytes failed: Only part of a ReadProcessMemory or WriteProcessMemory request was completed. (0x12B)
[0313/175144.823:ERROR:process_memory_win.cc(73)] ReadMemory at 0xe52c9fe000 of 8192 bytes failed: Only part of a ReadProcessMemory or WriteProcessMemory request was completed. (0x12B)
[0313/175144.823:ERROR:process_memory_win.cc(73)] ReadMemory at 0xe52cbfc000 of 16384 bytes failed: Only part of a ReadProcessMemory or WriteProcessMemory request was completed. (0x12B)
[0313/175144.823:ERROR:process_memory_win.cc(73)] ReadMemory at 0xe52cdfe000 of 8192 bytes failed: Only part of a ReadProcessMemory or WriteProcessMemory request was completed. (0x12B)
[0313/175144.823:ERROR:process_memory_win.cc(73)] ReadMemory at 0xe52cffe000 of 8192 bytes failed: Only part of a ReadProcessMemory or WriteProcessMemory request was completed. (0x12B)
[0313/175144.823:ERROR:process_memory_win.cc(73)] ReadMemory at 0xe52d1fd000 of 12288 bytes failed: Only part of a ReadProcessMemory or WriteProcessMemory request was completed. (0x12B)
[0313/175144.823:ERROR:process_memory_win.cc(73)] ReadMemory at 0xe52d3ea000 of 90112 bytes failed: Only part of a ReadProcessMemory or WriteProcessMemory request was completed. (0x12B)
[0313/175144.823:ERROR:process_memory_win.cc(73)] ReadMemory at 0xe52d5ea000 of 90112 bytes failed: Only part of a ReadProcessMemory or WriteProcessMemory request was completed. (0x12B)
[0313/175144.824:ERROR:process_memory_win.cc(73)] ReadMemory at 0xe52d7ea000 of 90112 bytes failed: Only part of a ReadProcessMemory or WriteProcessMemory request was completed. (0x12B)
[0313/175144.824:ERROR:process_memory_win.cc(73)] ReadMemory at 0xe52d9e8000 of 98304 bytes failed: Only part of a ReadProcessMemory or WriteProcessMemory request was completed. (0x12B)
[0313/175144.824:ERROR:process_memory_win.cc(73)] ReadMemory at 0xe52dbfd000 of 12288 bytes failed: Only part of a ReadProcessMemory or WriteProcessMemory request was completed. (0x12B)
[0313/175144.824:ERROR:process_memory_win.cc(73)] ReadMemory at 0xe52dfee000 of 73728 bytes failed: Only part of a ReadProcessMemory or WriteProcessMemory request was completed. (0x12B)
[0313/175144.824:ERROR:process_memory_win.cc(73)] ReadMemory at 0xe52c3fe000 of 8192 bytes failed: Only part of a ReadProcessMemory or WriteProcessMemory request was completed. (0x12B)
[0313/175144.824:ERROR:process_memory_win.cc(73)] ReadMemory at 0xe52e1fc000 of 16384 bytes failed: Only part of a ReadProcessMemory or WriteProcessMemory request was completed. (0x12B)
[0313/175144.824:ERROR:process_memory_win.cc(73)] ReadMemory at 0xe52e7fd000 of 12288 bytes failed: Only part of a ReadProcessMemory or WriteProcessMemory request was completed. (0x12B)
[0313/175144.824:ERROR:process_memory_win.cc(73)] ReadMemory at 0xe52e9fc000 of 16384 bytes failed: Only part of a ReadProcessMemory or WriteProcessMemory request was completed. (0x12B)
[0313/175144.824:ERROR:process_memory_win.cc(73)] ReadMemory at 0xe52ddfd000 of 12288 bytes failed: Only part of a ReadProcessMemory or WriteProcessMemory request was completed. (0x12B)
[0313/175144.824:ERROR:process_memory_win.cc(73)] ReadMemory at 0xe52effd000 of 12288 bytes failed: Only part of a ReadProcessMemory or WriteProcessMemory request was completed. (0x12B)
[0313/175144.824:ERROR:process_memory_win.cc(73)] ReadMemory at 0xe52e5fe000 of 8192 bytes failed: Only part of a ReadProcessMemory or WriteProcessMemory request was completed. (0x12B)
[0313/175144.824:ERROR:process_memory_win.cc(73)] ReadMemory at 0xe52edfd000 of 12288 bytes failed: Only part of a ReadProcessMemory or WriteProcessMemory request was completed. (0x12B)
[0313/175144.824:ERROR:process_memory_win.cc(73)] ReadMemory at 0xe52e3fd000 of 12288 bytes failed: Only part of a ReadProcessMemory or WriteProcessMemory request was completed. (0x12B)
[0313/175144.824:ERROR:process_memory_win.cc(73)] ReadMemory at 0xe52ebfd000 of 12288 bytes failed: Only part of a ReadProcessMemory or WriteProcessMemory request was completed. (0x12B)
[0313/175144.824:ERROR:process_memory_win.cc(73)] ReadMemory at 0xe52bc56000 of 852 bytes failed: Only part of a ReadProcessMemory or WriteProcessMemory request was completed. (0x12B)
[0313/175144.824:ERROR:process_memory_win.cc(73)] ReadMemory at 0xe52bc57000 of 6024 bytes failed: Only part of a ReadProcessMemory or WriteProcessMemory request was completed. (0x12B)
[0313/175144.824:ERROR:process_memory_win.cc(73)] ReadMemory at 0xe52bc59000 of 6024 bytes failed: Only part of a ReadProcessMemory or WriteProcessMemory request was completed. (0x12B)
[0313/175144.824:ERROR:process_memory_win.cc(73)] ReadMemory at 0xe52bc5d000 of 6024 bytes failed: Only part of a ReadProcessMemory or WriteProcessMemory request was completed. (0x12B)
[0313/175144.824:ERROR:process_memory_win.cc(73)] ReadMemory at 0xe52bc5f000 of 6024 bytes failed: Only part of a ReadProcessMemory or WriteProcessMemory request was completed. (0x12B)
[0313/175144.824:ERROR:process_memory_win.cc(73)] ReadMemory at 0xe52bc61000 of 6024 bytes failed: Only part of a ReadProcessMemory or WriteProcessMemory request was completed. (0x12B)
[0313/175144.824:ERROR:process_memory_win.cc(73)] ReadMemory at 0xe52bc63000 of 6024 bytes failed: Only part of a ReadProcessMemory or WriteProcessMemory request was completed. (0x12B)
[0313/175144.825:ERROR:process_memory_win.cc(73)] ReadMemory at 0xe52bc65000 of 6024 bytes failed: Only part of a ReadProcessMemory or WriteProcessMemory request was completed. (0x12B)
[0313/175144.825:ERROR:process_memory_win.cc(73)] ReadMemory at 0xe52bc67000 of 6024 bytes failed: Only part of a ReadProcessMemory or WriteProcessMemory request was completed. (0x12B)
[0313/175144.825:ERROR:process_memory_win.cc(73)] ReadMemory at 0xe52bc69000 of 6024 bytes failed: Only part of a ReadProcessMemory or WriteProcessMemory request was completed. (0x12B)
[0313/175144.825:ERROR:process_memory_win.cc(73)] ReadMemory at 0xe52bc6b000 of 6024 bytes failed: Only part of a ReadProcessMemory or WriteProcessMemory request was completed. (0x12B)
[0313/175144.825:ERROR:process_memory_win.cc(73)] ReadMemory at 0xe52bc6d000 of 6024 bytes failed: Only part of a ReadProcessMemory or WriteProcessMemory request was completed. (0x12B)
[0313/175144.825:ERROR:process_memory_win.cc(73)] ReadMemory at 0xe52bc6f000 of 6024 bytes failed: Only part of a ReadProcessMemory or WriteProcessMemory request was completed. (0x12B)
[0313/175144.825:ERROR:process_memory_win.cc(73)] ReadMemory at 0xe52bc71000 of 6024 bytes failed: Only part of a ReadProcessMemory or WriteProcessMemory request was completed. (0x12B)
[0313/175144.825:ERROR:process_memory_win.cc(73)] ReadMemory at 0xe52bc73000 of 6024 bytes failed: Only part of a ReadProcessMemory or WriteProcessMemory request was completed. (0x12B)
[0313/175144.825:ERROR:process_memory_win.cc(73)] ReadMemory at 0xe52bc77000 of 6024 bytes failed: Only part of a ReadProcessMemory or WriteProcessMemory request was completed. (0x12B)
[0313/175144.825:ERROR:process_memory_win.cc(73)] ReadMemory at 0xe52bc89000 of 6024 bytes failed: Only part of a ReadProcessMemory or WriteProcessMemory request was completed. (0x12B)
[0313/175144.825:ERROR:process_memory_win.cc(73)] ReadMemory at 0xe52bc8b000 of 6024 bytes failed: Only part of a ReadProcessMemory or WriteProcessMemory request was completed. (0x12B)
[0313/175144.825:ERROR:process_memory_win.cc(73)] ReadMemory at 0xe52bc8d000 of 6024 bytes failed: Only part of a ReadProcessMemory or WriteProcessMemory request was completed. (0x12B)
[0313/175144.825:ERROR:process_memory_win.cc(73)] ReadMemory at 0xe52bc8f000 of 6024 bytes failed: Only part of a ReadProcessMemory or WriteProcessMemory request was completed. (0x12B)
[0313/175144.825:ERROR:process_memory_win.cc(73)] ReadMemory at 0xe52bc93000 of 6024 bytes failed: Only part of a ReadProcessMemory or WriteProcessMemory request was completed. (0x12B)
[0313/175144.825:ERROR:process_memory_win.cc(73)] ReadMemory at 0xe52bc99000 of 6024 bytes failed: Only part of a ReadProcessMemory or WriteProcessMemory request was completed. (0x12B)
[0313/175144.825:ERROR:process_memory_win.cc(73)] ReadMemory at 0xe52bc9d000 of 6024 bytes failed: Only part of a ReadProcessMemory or WriteProcessMemory request was completed. (0x12B)
[0313/175144.825:ERROR:process_memory_win.cc(73)] ReadMemory at 0xe52bca1000 of 6024 bytes failed: Only part of a ReadProcessMemory or WriteProcessMemory request was completed. (0x12B)
[0313/175144.825:ERROR:process_memory_win.cc(73)] ReadMemory at 0xe52bca5000 of 6024 bytes failed: Only part of a ReadProcessMemory or WriteProcessMemory request was completed. (0x12B)
[0313/175144.825:ERROR:process_memory_win.cc(73)] ReadMemory at 0xe52bca7000 of 6024 bytes failed: Only part of a ReadProcessMemory or WriteProcessMemory request was completed. (0x12B)
[0313/175144.825:ERROR:process_memory_win.cc(73)] ReadMemory at 0x1f6cca50ab0 of 512 bytes failed: Only part of a ReadProcessMemory or WriteProcessMemory request was completed. (0x12B)
[0313/175144.826:ERROR:process_memory_win.cc(73)] ReadMemory at 0x1f6cca50fc0 of 18352 bytes failed: Only part of a ReadProcessMemory or WriteProcessMemory request was completed. (0x12B)
[0313/175144.826:ERROR:process_memory_win.cc(73)] ReadMemory at 0x1f6cca55780 of 1012 bytes failed: Only part of a ReadProcessMemory or WriteProcessMemory request was completed. (0x12B)
[0313/175144.826:ERROR:process_memory_win.cc(73)] ReadMemory at 0x1f6cca55d98 of 118 bytes failed: Only part of a ReadProcessMemory or WriteProcessMemory request was completed. (0x12B)
[0313/175144.826:ERROR:process_memory_win.cc(73)] ReadMemory at 0x1f6cca55e10 of 1052 bytes failed: Only part of a ReadProcessMemory or WriteProcessMemory request was completed. (0x12B)
[0313/175144.826:ERROR:process_memory_win.cc(73)] ReadMemory at 0x1f6cca5622e of 118 bytes failed: Only part of a ReadProcessMemory or WriteProcessMemory request was completed. (0x12B)
[0313/175144.826:ERROR:process_memory_win.cc(73)] ReadMemory at 0x1f6cca562a6 of 96 bytes failed: Only part of a ReadProcessMemory or WriteProcessMemory request was completed. (0x12B)
[0313/175144.826:ERROR:process_memory_win.cc(73)] ReadMemory at 0x1f6cca56320 of 58 bytes failed: Only part of a ReadProcessMemory or WriteProcessMemory request was completed. (0x12B)
[0313/175144.826:ERROR:process_memory_win.cc(73)] ReadMemory at 0x1f6cca56420 of 132 bytes failed: Only part of a ReadProcessMemory or WriteProcessMemory request was completed. (0x12B)
[0313/175144.826:ERROR:process_memory_win.cc(73)] ReadMemory at 0x1f6cca565b0 of 132 bytes failed: Only part of a ReadProcessMemory or WriteProcessMemory request was completed. (0x12B)
[0313/175144.826:ERROR:process_memory_win.cc(73)] ReadMemory at 0x1f6cca56770 of 126 bytes failed: Only part of a ReadProcessMemory or WriteProcessMemory request was completed. (0x12B)
[0313/175144.826:ERROR:process_memory_win.cc(73)] ReadMemory at 0x1f6cca56b50 of 132 bytes failed: Only part of a ReadProcessMemory or WriteProcessMemory request was completed. (0x12B)
[0313/175144.826:ERROR:process_memory_win.cc(73)] ReadMemory at 0x1f6cca56ce0 of 64 bytes failed: Only part of a ReadProcessMemory or WriteProcessMemory request was completed. (0x12B)
[0313/175144.826:ERROR:process_memory_win.cc(73)] ReadMemory at 0x1f6cca56e40 of 132 bytes failed: Only part of a ReadProcessMemory or WriteProcessMemory request was completed. (0x12B)
[0313/175144.826:ERROR:process_memory_win.cc(73)] ReadMemory at 0x1f6cca57040 of 62 bytes failed: Only part of a ReadProcessMemory or WriteProcessMemory request was completed. (0x12B)
[0313/175144.826:ERROR:process_memory_win.cc(73)] ReadMemory at 0x1f6cca57130 of 132 bytes failed: Only part of a ReadProcessMemory or WriteProcessMemory request was completed. (0x12B)
[0313/175144.826:ERROR:process_memory_win.cc(73)] ReadMemory at 0x1f6cca572c0 of 68 bytes failed: Only part of a ReadProcessMemory or WriteProcessMemory request was completed. (0x12B)
[0313/175144.826:ERROR:process_memory_win.cc(73)] ReadMemory at 0x1f6cca5d760 of 132 bytes failed: Only part of a ReadProcessMemory or WriteProcessMemory request was completed. (0x12B)
[0313/175144.826:ERROR:process_memory_win.cc(73)] ReadMemory at 0x1f6cca5d970 of 132 bytes failed: Only part of a ReadProcessMemory or WriteProcessMemory request was completed. (0x12B)
[0313/175144.826:ERROR:process_memory_win.cc(73)] ReadMemory at 0x1f6cca5db00 of 62 bytes failed: Only part of a ReadProcessMemory or WriteProcessMemory request was completed. (0x12B)
[0313/175144.826:ERROR:process_memory_win.cc(73)] ReadMemory at 0x1f6cca5f2e0 of 132 bytes failed: Only part of a ReadProcessMemory or WriteProcessMemory request was completed. (0x12B)
[0313/175144.826:ERROR:process_memory_win.cc(73)] ReadMemory at 0x1f6cca5f410 of 60 bytes failed: Only part of a ReadProcessMemory or WriteProcessMemory request was completed. (0x12B)
[0313/175144.826:ERROR:process_memory_win.cc(73)] ReadMemory at 0x1f6cca5f460 of 158 bytes failed: Only part of a ReadProcessMemory or WriteProcessMemory request was completed. (0x12B)
[0313/175144.826:ERROR:process_memory_win.cc(73)] ReadMemory at 0x1f6cca5f660 of 132 bytes failed: Only part of a ReadProcessMemory or WriteProcessMemory request was completed. (0x12B)
[0313/175144.826:ERROR:process_memory_win.cc(73)] ReadMemory at 0x1f6cca5f7f0 of 64 bytes failed: Only part of a ReadProcessMemory or WriteProcessMemory request was completed. (0x12B)
[0313/175144.826:ERROR:process_memory_win.cc(73)] ReadMemory at 0x1f6cca5fa70 of 132 bytes failed: Only part of a ReadProcessMemory or WriteProcessMemory request was completed. (0x12B)
[0313/175144.826:ERROR:process_memory_win.cc(73)] ReadMemory at 0x1f6cca5fc00 of 64 bytes failed: Only part of a ReadProcessMemory or WriteProcessMemory request was completed. (0x12B)
[0313/175144.826:ERROR:process_memory_win.cc(73)] ReadMemory at 0x1f6cca5fe60 of 132 bytes failed: Only part of a ReadProcessMemory or WriteProcessMemory request was completed. (0x12B)
[0313/175144.826:ERROR:process_memory_win.cc(73)] ReadMemory at 0x1f6cca5fff0 of 60 bytes failed: Only part of a ReadProcessMemory or WriteProcessMemory request was completed. (0x12B)
[0313/175144.826:ERROR:process_memory_win.cc(73)] ReadMemory at 0x1f6cca60310 of 132 bytes failed: Only part of a ReadProcessMemory or WriteProcessMemory request was completed. (0x12B)
[0313/175144.826:ERROR:process_memory_win.cc(73)] ReadMemory at 0x1f6cca604a0 of 60 bytes failed: Only part of a ReadProcessMemory or WriteProcessMemory request was completed. (0x12B)
[0313/175144.826:ERROR:process_memory_win.cc(73)] ReadMemory at 0x1f6cca606e0 of 132 bytes failed: Only part of a ReadProcessMemory or WriteProcessMemory request was completed. (0x12B)
[0313/175144.826:ERROR:process_memory_win.cc(73)] ReadMemory at 0x1f6cca60870 of 62 bytes failed: Only part of a ReadProcessMemory or WriteProcessMemory request was completed. (0x12B)
[0313/175144.827:ERROR:process_memory_win.cc(73)] ReadMemory at 0x1f6cca60be0 of 132 bytes failed: Only part of a ReadProcessMemory or WriteProcessMemory request was completed. (0x12B)
[0313/175144.827:ERROR:process_memory_win.cc(73)] ReadMemory at 0x1f6cca60fa0 of 76 bytes failed: Only part of a ReadProcessMemory or WriteProcessMemory request was completed. (0x12B)
[0313/175144.827:ERROR:process_memory_win.cc(73)] ReadMemory at 0x1f6cca61300 of 78 bytes failed: Only part of a ReadProcessMemory or WriteProcessMemory request was completed. (0x12B)
[0313/175144.827:ERROR:process_memory_win.cc(73)] ReadMemory at 0x1f6cca61420 of 80 bytes failed: Only part of a ReadProcessMemory or WriteProcessMemory request was completed. (0x12B)
[0313/175144.827:ERROR:process_memory_win.cc(73)] ReadMemory at 0x1f6cca61ec0 of 132 bytes failed: Only part of a ReadProcessMemory or WriteProcessMemory request was completed. (0x12B)
[0313/175144.827:ERROR:process_memory_win.cc(73)] ReadMemory at 0x1f6cca623a0 of 132 bytes failed: Only part of a ReadProcessMemory or WriteProcessMemory request was completed. (0x12B)
[0313/175144.827:ERROR:process_memory_win.cc(73)] ReadMemory at 0x1f6cca624d0 of 64 bytes failed: Only part of a ReadProcessMemory or WriteProcessMemory request was completed. (0x12B)
[0313/175144.827:ERROR:process_memory_win.cc(73)] ReadMemory at 0x1f6cca63640 of 132 bytes failed: Only part of a ReadProcessMemory or WriteProcessMemory request was completed. (0x12B)
[0313/175144.827:ERROR:process_memory_win.cc(73)] ReadMemory at 0x1f6cca63770 of 62 bytes failed: Only part of a ReadProcessMemory or WriteProcessMemory request was completed. (0x12B)
[0313/175144.827:ERROR:process_memory_win.cc(73)] ReadMemory at 0x1f6cca638e0 of 132 bytes failed: Only part of a ReadProcessMemory or WriteProcessMemory request was completed. (0x12B)
[0313/175144.827:ERROR:process_memory_win.cc(73)] ReadMemory at 0x1f6cca63a10 of 132 bytes failed: Only part of a ReadProcessMemory or WriteProcessMemory request was completed. (0x12B)
[0313/175144.827:ERROR:process_memory_win.cc(73)] ReadMemory at 0x1f6cca63b40 of 132 bytes failed: Only part of a ReadProcessMemory or WriteProcessMemory request was completed. (0x12B)
[0313/175144.827:ERROR:process_memory_win.cc(73)] ReadMemory at 0x1f6cca63c70 of 132 bytes failed: Only part of a ReadProcessMemory or WriteProcessMemory request was completed. (0x12B)
[0313/175144.827:ERROR:process_memory_win.cc(73)] ReadMemory at 0x1f6cca63da0 of 132 bytes failed: Only part of a ReadProcessMemory or WriteProcessMemory request was completed. (0x12B)
[0313/175144.827:ERROR:process_memory_win.cc(73)] ReadMemory at 0x1f6cca63ed0 of 132 bytes failed: Only part of a ReadProcessMemory or WriteProcessMemory request was completed. (0x12B)
[0313/175144.827:ERROR:process_memory_win.cc(73)] ReadMemory at 0x1f6cca64000 of 132 bytes failed: Only part of a ReadProcessMemory or WriteProcessMemory request was completed. (0x12B)
[0313/175144.827:ERROR:process_memory_win.cc(73)] ReadMemory at 0x1f6cca64130 of 132 bytes failed: Only part of a ReadProcessMemory or WriteProcessMemory request was completed. (0x12B)
[0313/175144.827:ERROR:process_memory_win.cc(73)] ReadMemory at 0x1f6cca64260 of 132 bytes failed: Only part of a ReadProcessMemory or WriteProcessMemory request was completed. (0x12B)
[0313/175144.827:ERROR:process_memory_win.cc(73)] ReadMemory at 0x1f6cca64390 of 132 bytes failed: Only part of a ReadProcessMemory or WriteProcessMemory request was completed. (0x12B)
[0313/175144.827:ERROR:process_memory_win.cc(73)] ReadMemory at 0x1f6cca644c0 of 132 bytes failed: Only part of a ReadProcessMemory or WriteProcessMemory request was completed. (0x12B)
[0313/175144.827:ERROR:process_memory_win.cc(73)] ReadMemory at 0x1f6cca645f0 of 132 bytes failed: Only part of a ReadProcessMemory or WriteProcessMemory request was completed. (0x12B)
[0313/175144.827:ERROR:process_memory_win.cc(73)] ReadMemory at 0x1f6cca64720 of 132 bytes failed: Only part of a ReadProcessMemory or WriteProcessMemory request was completed. (0x12B)
[0313/175144.827:ERROR:process_memory_win.cc(73)] ReadMemory at 0x1f6cca648a0 of 62 bytes failed: Only part of a ReadProcessMemory or WriteProcessMemory request was completed. (0x12B)
[0313/175144.827:ERROR:process_memory_win.cc(73)] ReadMemory at 0x1f6cca64c40 of 60 bytes failed: Only part of a ReadProcessMemory or WriteProcessMemory request was completed. (0x12B)
[0313/175144.827:ERROR:process_memory_win.cc(73)] ReadMemory at 0x1f6cca64c90 of 64 bytes failed: Only part of a ReadProcessMemory or WriteProcessMemory request was completed. (0x12B)
[0313/175144.827:ERROR:process_memory_win.cc(73)] ReadMemory at 0x1f6cca64dd0 of 62 bytes failed: Only part of a ReadProcessMemory or WriteProcessMemory request was completed. (0x12B)
[0313/175144.827:ERROR:process_memory_win.cc(73)] ReadMemory at 0x1f6cca64e20 of 62 bytes failed: Only part of a ReadProcessMemory or WriteProcessMemory request was completed. (0x12B)
[0313/175144.827:ERROR:process_memory_win.cc(73)] ReadMemory at 0x1f6cca64e70 of 66 bytes failed: Only part of a ReadProcessMemory or WriteProcessMemory request was completed. (0x12B)
[0313/175144.827:ERROR:process_memory_win.cc(73)] ReadMemory at 0x1f6cca64ec0 of 58 bytes failed: Only part of a ReadProcessMemory or WriteProcessMemory request was completed. (0x12B)
[0313/175144.827:ERROR:process_memory_win.cc(73)] ReadMemory at 0x1f6cca64f10 of 66 bytes failed: Only part of a ReadProcessMemory or WriteProcessMemory request was completed. (0x12B)
[0313/175144.827:ERROR:process_memory_win.cc(73)] ReadMemory at 0x1f6cca64f60 of 60 bytes failed: Only part of a ReadProcessMemory or WriteProcessMemory request was completed. (0x12B)
[0313/175144.827:ERROR:process_memory_win.cc(73)] ReadMemory at 0x1f6cca64fb0 of 62 bytes failed: Only part of a ReadProcessMemory or WriteProcessMemory request was completed. (0x12B)
[0313/175144.827:ERROR:process_memory_win.cc(73)] ReadMemory at 0x1f6cca65000 of 58 bytes failed: Only part of a ReadProcessMemory or WriteProcessMemory request was completed. (0x12B)
[0313/175144.827:ERROR:process_memory_win.cc(73)] ReadMemory at 0x1f6cca65140 of 58 bytes failed: Only part of a ReadProcessMemory or WriteProcessMemory request was completed. (0x12B)
[0313/175144.828:ERROR:process_memory_win.cc(73)] ReadMemory at 0x1f6cca65190 of 58 bytes failed: Only part of a ReadProcessMemory or WriteProcessMemory request was completed. (0x12B)
[0313/175144.828:ERROR:process_memory_win.cc(73)] ReadMemory at 0x1f6cca651e0 of 60 bytes failed: Only part of a ReadProcessMemory or WriteProcessMemory request was completed. (0x12B)
[0313/175144.828:ERROR:process_memory_win.cc(73)] ReadMemory at 0x1f6cca65280 of 64 bytes failed: Only part of a ReadProcessMemory or WriteProcessMemory request was completed. (0x12B)
[0313/175144.828:ERROR:process_memory_win.cc(73)] ReadMemory at 0x1f6cca652d0 of 66 bytes failed: Only part of a ReadProcessMemory or WriteProcessMemory request was completed. (0x12B)
[0313/175144.828:ERROR:process_memory_win.cc(73)] ReadMemory at 0x1f6cca653cc of 512 bytes failed: Only part of a ReadProcessMemory or WriteProcessMemory request was completed. (0x12B)
[0313/175144.828:ERROR:process_memory_win.cc(73)] ReadMemory at 0x1f6cca657e0 of 246 bytes failed: Only part of a ReadProcessMemory or WriteProcessMemory request was completed. (0x12B)
[0313/175144.828:ERROR:process_memory_win.cc(73)] ReadMemory at 0x1f6cca66b90 of 132 bytes failed: Only part of a ReadProcessMemory or WriteProcessMemory request was completed. (0x12B)
[0313/175144.828:ERROR:process_memory_win.cc(73)] ReadMemory at 0x1f6cca66cc0 of 132 bytes failed: Only part of a ReadProcessMemory or WriteProcessMemory request was completed. (0x12B)
[0313/175144.828:ERROR:process_memory_win.cc(73)] ReadMemory at 0x1f6cca66df0 of 132 bytes failed: Only part of a ReadProcessMemory or WriteProcessMemory request was completed. (0x12B)
[0313/175144.828:ERROR:process_memory_win.cc(73)] ReadMemory at 0x1f6cca66f20 of 132 bytes failed: Only part of a ReadProcessMemory or WriteProcessMemory request was completed. (0x12B)
[0313/175144.828:ERROR:process_memory_win.cc(73)] ReadMemory at 0x1f6cca67050 of 132 bytes failed: Only part of a ReadProcessMemory or WriteProcessMemory request was completed. (0x12B)
[0313/175144.828:ERROR:process_memory_win.cc(73)] ReadMemory at 0x1f6cca67180 of 132 bytes failed: Only part of a ReadProcessMemory or WriteProcessMemory request was completed. (0x12B)
[0313/175144.828:ERROR:process_memory_win.cc(73)] ReadMemory at 0x1f6cca672b0 of 132 bytes failed: Only part of a ReadProcessMemory or WriteProcessMemory request was completed. (0x12B)
[0313/175144.828:ERROR:process_memory_win.cc(73)] ReadMemory at 0x1f6cca673e0 of 132 bytes failed: Only part of a ReadProcessMemory or WriteProcessMemory request was completed. (0x12B)
[0313/175144.828:ERROR:process_memory_win.cc(73)] ReadMemory at 0x1f6cca67640 of 132 bytes failed: Only part of a ReadProcessMemory or WriteProcessMemory request was completed. (0x12B)
[0313/175144.828:ERROR:process_memory_win.cc(73)] ReadMemory at 0x1f6cca678a0 of 132 bytes failed: Only part of a ReadProcessMemory or WriteProcessMemory request was completed. (0x12B)
[0313/175144.828:ERROR:process_memory_win.cc(73)] ReadMemory at 0x1f6cca679d0 of 132 bytes failed: Only part of a ReadProcessMemory or WriteProcessMemory request was completed. (0x12B)
[0313/175144.828:ERROR:process_memory_win.cc(73)] ReadMemory at 0x1f6cca67b00 of 132 bytes failed: Only part of a ReadProcessMemory or WriteProcessMemory request was completed. (0x12B)
[0313/175144.828:ERROR:process_memory_win.cc(73)] ReadMemory at 0x1f6cca67c30 of 132 bytes failed: Only part of a ReadProcessMemory or WriteProcessMemory request was completed. (0x12B)
[0313/175144.828:ERROR:process_memory_win.cc(73)] ReadMemory at 0x1f6cca67d60 of 132 bytes failed: Only part of a ReadProcessMemory or WriteProcessMemory request was completed. (0x12B)
[0313/175144.828:ERROR:process_memory_win.cc(73)] ReadMemory at 0x1f6cca67e90 of 132 bytes failed: Only part of a ReadProcessMemory or WriteProcessMemory request was completed. (0x12B)
[0313/175144.828:ERROR:process_memory_win.cc(73)] ReadMemory at 0x1f6cca67fc0 of 132 bytes failed: Only part of a ReadProcessMemory or WriteProcessMemory request was completed. (0x12B)
[0313/175144.828:ERROR:process_memory_win.cc(73)] ReadMemory at 0x1f6cca680f0 of 132 bytes failed: Only part of a ReadProcessMemory or WriteProcessMemory request was completed. (0x12B)
[0313/175144.828:ERROR:process_memory_win.cc(73)] ReadMemory at 0x1f6cca68220 of 132 bytes failed: Only part of a ReadProcessMemory or WriteProcessMemory request was completed. (0x12B)
[0313/175144.828:ERROR:process_memory_win.cc(73)] ReadMemory at 0x1f6cca68350 of 132 bytes failed: Only part of a ReadProcessMemory or WriteProcessMemory request was completed. (0x12B)
[0313/175144.828:ERROR:process_memory_win.cc(73)] ReadMemory at 0x1f6cca68480 of 132 bytes failed: Only part of a ReadProcessMemory or WriteProcessMemory request was completed. (0x12B)
[0313/175144.828:ERROR:process_memory_win.cc(73)] ReadMemory at 0x1f6cca685b0 of 132 bytes failed: Only part of a ReadProcessMemory or WriteProcessMemory request was completed. (0x12B)
[0313/175144.828:ERROR:process_memory_win.cc(73)] ReadMemory at 0x1f6cca686e0 of 132 bytes failed: Only part of a ReadProcessMemory or WriteProcessMemory request was completed. (0x12B)
[0313/175144.828:ERROR:process_memory_win.cc(73)] ReadMemory at 0x1f6cca68810 of 132 bytes failed: Only part of a ReadProcessMemory or WriteProcessMemory request was completed. (0x12B)
[0313/175144.828:ERROR:process_memory_win.cc(73)] ReadMemory at 0x1f6cca68940 of 132 bytes failed: Only part of a ReadProcessMemory or WriteProcessMemory request was completed. (0x12B)
[0313/175144.828:ERROR:process_memory_win.cc(73)] ReadMemory at 0x1f6cca69b60 of 154 bytes failed: Only part of a ReadProcessMemory or WriteProcessMemory request was completed. (0x12B)
[0313/175144.829:ERROR:process_memory_win.cc(73)] ReadMemory at 0x1f6cca6dec0 of 58 bytes failed: Only part of a ReadProcessMemory or WriteProcessMemory request was completed. (0x12B)
[0313/175144.829:ERROR:process_memory_win.cc(73)] ReadMemory at 0x1f6cca6e0a0 of 60 bytes failed: Only part of a ReadProcessMemory or WriteProcessMemory request was completed. (0x12B)
[0313/175144.829:ERROR:process_memory_win.cc(73)] ReadMemory at 0x1f6cca6e140 of 66 bytes failed: Only part of a ReadProcessMemory or WriteProcessMemory request was completed. (0x12B)
[0313/175144.829:ERROR:process_memory_win.cc(73)] ReadMemory at 0x1f6cca70da0 of 54 bytes failed: Only part of a ReadProcessMemory or WriteProcessMemory request was completed. (0x12B)
[0313/175144.829:ERROR:process_memory_win.cc(73)] ReadMemory at 0x1f6cca7d460 of 64 bytes failed: Only part of a ReadProcessMemory or WriteProcessMemory request was completed. (0x12B)
[0313/175144.829:ERROR:process_memory_win.cc(73)] ReadMemory at 0x1f6cca7d4b0 of 64 bytes failed: Only part of a ReadProcessMemory or WriteProcessMemory request was completed. (0x12B)
[0313/175144.829:ERROR:process_memory_win.cc(73)] ReadMemory at 0x1f6cca7d500 of 60 bytes failed: Only part of a ReadProcessMemory or WriteProcessMemory request was completed. (0x12B)
[0313/175144.829:ERROR:process_memory_win.cc(73)] ReadMemory at 0x1f6cca7d550 of 60 bytes failed: Only part of a ReadProcessMemory or WriteProcessMemory request was completed. (0x12B)
[0313/175144.829:ERROR:process_memory_win.cc(73)] ReadMemory at 0x1f6cca7d5f0 of 64 bytes failed: Only part of a ReadProcessMemory or WriteProcessMemory request was completed. (0x12B)
[0313/175144.829:ERROR:process_memory_win.cc(73)] ReadMemory at 0x1f6cca7d690 of 56 bytes failed: Only part of a ReadProcessMemory or WriteProcessMemory request was completed. (0x12B)
[0313/175144.829:ERROR:process_memory_win.cc(73)] ReadMemory at 0x1f6cca7d730 of 62 bytes failed: Only part of a ReadProcessMemory or WriteProcessMemory request was completed. (0x12B)
[0313/175144.829:ERROR:process_memory_win.cc(73)] ReadMemory at 0x1f6cca7d780 of 62 bytes failed: Only part of a ReadProcessMemory or WriteProcessMemory request was completed. (0x12B)
[0313/175144.829:ERROR:process_memory_win.cc(73)] ReadMemory at 0x1f6cca7d7d0 of 64 bytes failed: Only part of a ReadProcessMemory or WriteProcessMemory request was completed. (0x12B)
[0313/175144.829:ERROR:process_memory_win.cc(73)] ReadMemory at 0x1f6cca7d820 of 62 bytes failed: Only part of a ReadProcessMemory or WriteProcessMemory request was completed. (0x12B)
[0313/175144.829:ERROR:process_memory_win.cc(73)] ReadMemory at 0x1f6cca7d8c0 of 60 bytes failed: Only part of a ReadProcessMemory or WriteProcessMemory request was completed. (0x12B)
[0313/175144.829:ERROR:process_memory_win.cc(73)] ReadMemory at 0x1f6cca7d910 of 64 bytes failed: Only part of a ReadProcessMemory or WriteProcessMemory request was completed. (0x12B)
[0313/175144.829:ERROR:process_memory_win.cc(73)] ReadMemory at 0x1f6cca7d960 of 60 bytes failed: Only part of a ReadProcessMemory or WriteProcessMemory request was completed. (0x12B)
[0313/175144.829:ERROR:process_memory_win.cc(73)] ReadMemory at 0x1f6cca7d9b0 of 64 bytes failed: Only part of a ReadProcessMemory or WriteProcessMemory request was completed. (0x12B)
[0313/175144.829:ERROR:process_memory_win.cc(73)] ReadMemory at 0x1f6cca7daa0 of 60 bytes failed: Only part of a ReadProcessMemory or WriteProcessMemory request was completed. (0x12B)
[0313/175144.829:ERROR:process_memory_win.cc(73)] ReadMemory at 0x1f6cca7daf0 of 62 bytes failed: Only part of a ReadProcessMemory or WriteProcessMemory request was completed. (0x12B)
[0313/175144.829:ERROR:process_memory_win.cc(73)] ReadMemory at 0x1f6cca7db90 of 62 bytes failed: Only part of a ReadProcessMemory or WriteProcessMemory request was completed. (0x12B)
[0313/175144.829:ERROR:process_memory_win.cc(73)] ReadMemory at 0x1f6cca7dcd0 of 62 bytes failed: Only part of a ReadProcessMemory or WriteProcessMemory request was completed. (0x12B)
[0313/175144.829:ERROR:process_memory_win.cc(73)] ReadMemory at 0x1f6cca7ddc0 of 58 bytes failed: Only part of a ReadProcessMemory or WriteProcessMemory request was completed. (0x12B)
[0313/175144.829:ERROR:process_memory_win.cc(73)] ReadMemory at 0x1f6cca80b00 of 132 bytes failed: Only part of a ReadProcessMemory or WriteProcessMemory request was completed. (0x12B)
[0313/175144.829:ERROR:process_memory_win.cc(73)] ReadMemory at 0x1f6cca810f0 of 132 bytes failed: Only part of a ReadProcessMemory or WriteProcessMemory request was completed. (0x12B)
[0313/175144.829:ERROR:process_memory_win.cc(73)] ReadMemory at 0x1f6cca81350 of 132 bytes failed: Only part of a ReadProcessMemory or WriteProcessMemory request was completed. (0x12B)
[0313/175144.829:ERROR:process_memory_win.cc(73)] ReadMemory at 0x1f6cca81ba0 of 132 bytes failed: Only part of a ReadProcessMemory or WriteProcessMemory request was completed. (0x12B)
[0313/175144.829:ERROR:process_memory_win.cc(73)] ReadMemory at 0x1f6cca81cd0 of 132 bytes failed: Only part of a ReadProcessMemory or WriteProcessMemory request was completed. (0x12B)
[0313/175144.829:ERROR:process_memory_win.cc(73)] ReadMemory at 0x1f6cca8cde0 of 512 bytes failed: Only part of a ReadProcessMemory or WriteProcessMemory request was completed. (0x12B)
[0313/175144.829:ERROR:process_memory_win.cc(73)] ReadMemory at 0x1f6cca90a80 of 512 bytes failed: Only part of a ReadProcessMemory or WriteProcessMemory request was completed. (0x12B)
[0313/175144.829:ERROR:process_memory_win.cc(73)] ReadMemory at 0x1f6cca91ac0 of 512 bytes failed: Only part of a ReadProcessMemory or WriteProcessMemory request was completed. (0x12B)
[0313/175144.829:ERROR:process_memory_win.cc(73)] ReadMemory at 0x1f6ccd30c40 of 512 bytes failed: Only part of a ReadProcessMemory or WriteProcessMemory request was completed. (0x12B)
[0313/175144.829:ERROR:process_memory_win.cc(73)] ReadMemory at 0x1f6cd1b6d60 of 512 bytes failed: Only part of a ReadProcessMemory or WriteProcessMemory request was completed. (0x12B)
[0313/175144.830:ERROR:process_memory_win.cc(73)] ReadMemory at 0x1f6cd1b7d00 of 512 bytes failed: Only part of a ReadProcessMemory or WriteProcessMemory request was completed. (0x12B)
[0313/175144.830:ERROR:process_memory_win.cc(73)] ReadMemory at 0x1f6cd1b8000 of 704 bytes failed: Only part of a ReadProcessMemory or WriteProcessMemory request was completed. (0x12B)
[0313/175144.830:ERROR:process_memory_win.cc(73)] ReadMemory at 0x1f6cd1b83c0 of 512 bytes failed: Only part of a ReadProcessMemory or WriteProcessMemory request was completed. (0x12B)
[0313/175144.830:ERROR:process_memory_win.cc(73)] ReadMemory at 0x1f6cd1b8a80 of 512 bytes failed: Only part of a ReadProcessMemory or WriteProcessMemory request was completed. (0x12B)
[0313/175144.830:ERROR:process_memory_win.cc(73)] ReadMemory at 0x1f6cd1c05d0 of 512 bytes failed: Only part of a ReadProcessMemory or WriteProcessMemory request was completed. (0x12B)
[0313/175144.830:ERROR:process_memory_win.cc(73)] ReadMemory at 0x1f6cd1d9a80 of 696 bytes failed: Only part of a ReadProcessMemory or WriteProcessMemory request was completed. (0x12B)
[0313/175144.830:ERROR:process_memory_win.cc(73)] ReadMemory at 0x1f6cd2050f0 of 512 bytes failed: Only part of a ReadProcessMemory or WriteProcessMemory request was completed. (0x12B)
[0313/175144.830:ERROR:process_memory_win.cc(73)] ReadMemory at 0x1f6cd238a90 of 512 bytes failed: Only part of a ReadProcessMemory or WriteProcessMemory request was completed. (0x12B)
[0313/175144.830:ERROR:process_memory_win.cc(73)] ReadMemory at 0x1f6cd23aef0 of 512 bytes failed: Only part of a ReadProcessMemory or WriteProcessMemory request was completed. (0x12B)
[0313/175144.830:ERROR:process_memory_win.cc(73)] ReadMemory at 0x1f6cf264480 of 512 bytes failed: Only part of a ReadProcessMemory or WriteProcessMemory request was completed. (0x12B)
[0313/175144.830:ERROR:process_memory_win.cc(73)] ReadMemory at 0x1f6d33c4b00 of 512 bytes failed: Only part of a ReadProcessMemory or WriteProcessMemory request was completed. (0x12B)
[0313/175144.830:ERROR:process_memory_win.cc(73)] ReadMemory at 0x1f6d3665790 of 512 bytes failed: Only part of a ReadProcessMemory or WriteProcessMemory request was completed. (0x12B)
[0313/175144.830:ERROR:process_memory_win.cc(73)] ReadMemory at 0x1f6d37b4e10 of 512 bytes failed: Only part of a ReadProcessMemory or WriteProcessMemory request was completed. (0x12B)
[0313/175144.830:ERROR:process_memory_win.cc(73)] ReadMemory at 0x1f6d397a330 of 512 bytes failed: Only part of a ReadProcessMemory or WriteProcessMemory request was completed. (0x12B)
[0313/175144.830:ERROR:process_memory_win.cc(73)] ReadMemory at 0x1f6d436d260 of 512 bytes failed: Only part of a ReadProcessMemory or WriteProcessMemory request was completed. (0x12B)
[0313/175144.830:ERROR:process_memory_win.cc(73)] ReadMemory at 0x1f6d4380a28 of 512 bytes failed: Only part of a ReadProcessMemory or WriteProcessMemory request was completed. (0x12B)
[0313/175144.830:ERROR:process_memory_win.cc(73)] ReadMemory at 0x1f6d441a150 of 512 bytes failed: Only part of a ReadProcessMemory or WriteProcessMemory request was completed. (0x12B)
[0313/175144.830:ERROR:process_memory_win.cc(73)] ReadMemory at 0x1f6d443cae8 of 512 bytes failed: Only part of a ReadProcessMemory or WriteProcessMemory request was completed. (0x12B)
[0313/175144.830:ERROR:process_memory_win.cc(73)] ReadMemory at 0x1f6d4534338 of 512 bytes failed: Only part of a ReadProcessMemory or WriteProcessMemory request was completed. (0x12B)
[0313/175144.830:ERROR:process_memory_win.cc(73)] ReadMemory at 0x1f6d495d720 of 512 bytes failed: Only part of a ReadProcessMemory or WriteProcessMemory request was completed. (0x12B)
[0313/175144.830:ERROR:process_memory_win.cc(73)] ReadMemory at 0x1f6d4a30ec0 of 512 bytes failed: Only part of a ReadProcessMemory or WriteProcessMemory request was completed. (0x12B)
[0313/175144.830:ERROR:process_memory_win.cc(73)] ReadMemory at 0x1f6d4bcaf90 of 512 bytes failed: Only part of a ReadProcessMemory or WriteProcessMemory request was completed. (0x12B)
[0313/175144.830:ERROR:process_memory_win.cc(73)] ReadMemory at 0x1f6d4d729e0 of 512 bytes failed: Only part of a ReadProcessMemory or WriteProcessMemory request was completed. (0x12B)
[0313/175144.830:ERROR:process_memory_win.cc(73)] ReadMemory at 0x1f6d4da8ca4 of 512 bytes failed: Only part of a ReadProcessMemory or WriteProcessMemory request was completed. (0x12B)
[0313/175144.830:ERROR:process_memory_win.cc(73)] ReadMemory at 0x1f6d4dc4bb0 of 992 bytes failed: Only part of a ReadProcessMemory or WriteProcessMemory request was completed. (0x12B)
[0313/175144.830:ERROR:process_memory_win.cc(73)] ReadMemory at 0x13714b8889e8 of 512 bytes failed: Only part of a ReadProcessMemory or WriteProcessMemory request was completed. (0x12B)
[0313/175144.830:ERROR:process_memory_win.cc(73)] ReadMemory at 0x47c50bdf9438 of 520 bytes failed: Only part of a ReadProcessMemory or WriteProcessMemory request was completed. (0x12B)
[0313/175144.830:ERROR:process_memory_win.cc(73)] ReadMemory at 0x7ff87ec00000 of 384 bytes failed: Only part of a ReadProcessMemory or WriteProcessMemory request was completed. (0x12B)
[0313/175144.830:ERROR:process_memory_win.cc(73)] ReadMemory at 0x7ff87ecdfdc7 of 512 bytes failed: Only part of a ReadProcessMemory or WriteProcessMemory request was completed. (0x12B)
[0313/175144.830:ERROR:process_memory_win.cc(73)] ReadMemory at 0x7ff88337cae8 of 512 bytes failed: Only part of a ReadProcessMemory or WriteProcessMemory request was completed. (0x12B)
[0313/175144.830:ERROR:process_memory_win.cc(73)] ReadMemory at 0x7ff8ea3a0b90 of 512 bytes failed: Only part of a ReadProcessMemory or WriteProcessMemory request was completed. (0x12B)
[0313/175144.830:ERROR:process_memory_win.cc(73)] ReadMemory at 0x7ff8ecc96270 of 512 bytes failed: Only part of a ReadProcessMemory or WriteProcessMemory request was completed. (0x12B)
[0313/175144.830:ERROR:process_memory_win.cc(73)] ReadMemory at 0x7ff8ecc979f0 of 512 bytes failed: Only part of a ReadProcessMemory or WriteProcessMemory request was completed. (0x12B)
[0313/175144.831:ERROR:process_memory_win.cc(73)] ReadMemory at 0x7ff8ecc982e0 of 512 bytes failed: Only part of a ReadProcessMemory or WriteProcessMemory request was completed. (0x12B)
[0313/175144.831:ERROR:process_memory_win.cc(73)] ReadMemory at 0x7ff8ecc9a0d0 of 512 bytes failed: Only part of a ReadProcessMemory or WriteProcessMemory request was completed. (0x12B)
[0313/175144.831:ERROR:process_memory_win.cc(73)] ReadMemory at 0x7ff8ecd0a9a4 of 672 bytes failed: Only part of a ReadProcessMemory or WriteProcessMemory request was completed. (0x12B)
[0313/175144.831:ERROR:process_memory_win.cc(73)] ReadMemory at 0x7ff8ecd0afa4 of 512 bytes failed: Only part of a ReadProcessMemory or WriteProcessMemory request was completed. (0x12B)
[0313/175144.831:ERROR:process_memory_win.cc(73)] ReadMemory at 0x7ff8ecd0b474 of 512 bytes failed: Only part of a ReadProcessMemory or WriteProcessMemory request was completed. (0x12B)
[0313/175144.831:ERROR:process_memory_win.cc(73)] ReadMemory at 0x7ff8ecd0e214 of 608 bytes failed: Only part of a ReadProcessMemory or WriteProcessMemory request was completed. (0x12B)
[0313/175144.831:ERROR:process_memory_win.cc(73)] ReadMemory at 0x7ff8ecd89380 of 512 bytes failed: Only part of a ReadProcessMemory or WriteProcessMemory request was completed. (0x12B)
[0313/175144.831:ERROR:process_memory_win.cc(73)] ReadMemory at 0x7ff8ecd901e0 of 18 bytes failed: Only part of a ReadProcessMemory or WriteProcessMemory request was completed. (0x12B)
[0313/175144.831:ERROR:process_memory_win.cc(73)] ReadMemory at 0x7ff8ecdc65b0 of 40 bytes failed: Only part of a ReadProcessMemory or WriteProcessMemory request was completed. (0x12B)
[0313/175144.831:ERROR:process_memory_win.cc(73)] ReadMemory at 0x7ff8ecdc6a08 of 48 bytes failed: Only part of a ReadProcessMemory or WriteProcessMemory request was completed. (0x12B)
[0313/175144.831:ERROR:process_memory_win.cc(73)] ReadMemory at 0x7ff8ecdcc360 of 64 bytes failed: Only part of a ReadProcessMemory or WriteProcessMemory request was completed. (0x12B)
[0313/175144.833:ERROR:scoped_process_suspend.cc(40)] NtResumeProcess: An attempt was made to access an exiting process. (0xc000010a)
